This file contains any messages produced by compilers while
running configure, to aid debugging if configure makes a mistake.

It was created by synapse configure 0.2.99.1, which was
generated by GNU Autoconf 2.69.  Invocation command line was

  $ ./configure --enable-maintainer-mode

## --------- ##
## Platform. ##
## --------- ##

hostname = combine
uname -m = x86_64
uname -r = 4.3.0-1-amd64
uname -s = Linux
uname -v = #1 SMP Debian 4.3.5-1 (2016-02-06)

/usr/bin/uname -p = unknown
/bin/uname -X     = unknown

/bin/arch              = unknown
/usr/bin/arch -k       = unknown
/usr/convex/getsysinfo = unknown
/usr/bin/hostinfo      = unknown
/bin/machine           = unknown
/usr/bin/oslevel       = unknown
/bin/universe          = unknown

PATH: /usr/local/bin
PATH: /usr/bin
PATH: /bin
PATH: /usr/local/games
PATH: /usr/games


## ----------- ##
## Core tests. ##
## ----------- ##

configure:2356: checking for a BSD-compatible install
configure:2424: result: /usr/bin/install -c
configure:2435: checking whether build environment is sane
configure:2490: result: yes
configure:2641: checking for a thread-safe mkdir -p
configure:2680: result: /bin/mkdir -p
configure:2687: checking for gawk
configure:2717: result: no
configure:2687: checking for mawk
configure:2703: found /usr/bin/mawk
configure:2714: result: mawk
configure:2725: checking whether make sets $(MAKE)
configure:2747: result: yes
configure:2776: checking whether make supports nested variables
configure:2793: result: yes
configure:2882: checking whether UID '1000' is supported by ustar format
configure:2885: result: yes
configure:2892: checking whether GID '1000' is supported by ustar format
configure:2895: result: yes
configure:2903: checking how to create a ustar tar archive
configure:2914: tar --version
tar (GNU tar) 1.28
Copyright (C) 2014 Free Software Foundation, Inc.
License GPLv3+: GNU GPL version 3 or later <http://gnu.org/licenses/gpl.html>.
This is free software: you are free to change and redistribute it.
There is NO WARRANTY, to the extent permitted by law.

Written by John Gilmore and Jay Fenlason.
configure:2917: $? = 0
configure:2957: tardir=conftest.dir && eval tar --format=ustar -chf - "$tardir" >conftest.tar
configure:2960: $? = 0
configure:2964: tar -xf - <conftest.tar
configure:2967: $? = 0
configure:2969: cat conftest.dir/file
GrepMe
configure:2972: $? = 0
configure:2985: result: gnutar
configure:3037: checking whether to enable maintainer-specific portions of Makefiles
configure:3046: result: yes
configure:3069: checking whether NLS is requested
configure:3078: result: yes
configure:3094: checking for style of include used by make
configure:3122: result: GNU
configure:3193: checking for gcc
configure:3209: found /usr/bin/gcc
configure:3220: result: gcc
configure:3449: checking for C compiler version
configure:3458: gcc --version >&5
gcc (Debian 5.3.1-8) 5.3.1 20160205
Copyright (C) 2015 Free Software Foundation, Inc.
This is free software; see the source for copying conditions.  There is NO
warranty; not even for MERCHANTABILITY or FITNESS FOR A PARTICULAR PURPOSE.

configure:3469: $? = 0
configure:3458: gcc -v >&5
Using built-in specs.
COLLECT_GCC=gcc
COLLECT_LTO_WRAPPER=/usr/lib/gcc/x86_64-linux-gnu/5/lto-wrapper
Target: x86_64-linux-gnu
Configured with: ../src/configure -v --with-pkgversion='Debian 5.3.1-8' --with-bugurl=file:///usr/share/doc/gcc-5/README.Bugs --enable-languages=c,ada,c++,java,go,d,fortran,objc,obj-c++ --prefix=/usr --program-suffix=-5 --enable-shared --enable-linker-build-id --libexecdir=/usr/lib --without-included-gettext --enable-threads=posix --libdir=/usr/lib --enable-nls --with-sysroot=/ --enable-clocale=gnu --enable-libstdcxx-debug --enable-libstdcxx-time=yes --with-default-libstdcxx-abi=new --enable-gnu-unique-object --disable-vtable-verify --enable-libmpx --enable-plugin --with-system-zlib --disable-browser-plugin --enable-java-awt=gtk --enable-gtk-cairo --with-java-home=/usr/lib/jvm/java-1.5.0-gcj-5-amd64/jre --enable-java-home --with-jvm-root-dir=/usr/lib/jvm/java-1.5.0-gcj-5-amd64 --with-jvm-jar-dir=/usr/lib/jvm-exports/java-1.5.0-gcj-5-amd64 --with-arch-directory=amd64 --with-ecj-jar=/usr/share/java/eclipse-ecj.jar --enable-objc-gc --enable-multiarch --with-arch-32=i586 --with-abi=m64 --with-multilib-list=m32,m64,mx32 --enable-multilib --with-tune=generic --enable-checking=release --build=x86_64-linux-gnu --host=x86_64-linux-gnu --target=x86_64-linux-gnu
Thread model: posix
gcc version 5.3.1 20160205 (Debian 5.3.1-8) 
configure:3469: $? = 0
configure:3458: gcc -V >&5
gcc: error: unrecognized command line option '-V'
gcc: fatal error: no input files
compilation terminated.
configure:3469: $? = 1
configure:3458: gcc -qversion >&5
gcc: error: unrecognized command line option '-qversion'
gcc: fatal error: no input files
compilation terminated.
configure:3469: $? = 1
configure:3489: checking whether the C compiler works
configure:3511: gcc    conftest.c  >&5
configure:3515: $? = 0
configure:3563: result: yes
configure:3566: checking for C compiler default output file name
configure:3568: result: a.out
configure:3574: checking for suffix of executables
configure:3581: gcc -o conftest    conftest.c  >&5
configure:3585: $? = 0
configure:3607: result: 
configure:3629: checking whether we are cross compiling
configure:3637: gcc -o conftest    conftest.c  >&5
configure:3641: $? = 0
configure:3648: ./conftest
configure:3652: $? = 0
configure:3667: result: no
configure:3672: checking for suffix of object files
configure:3694: gcc -c   conftest.c >&5
configure:3698: $? = 0
configure:3719: result: o
configure:3723: checking whether we are using the GNU C compiler
configure:3742: gcc -c   conftest.c >&5
configure:3742: $? = 0
configure:3751: result: yes
configure:3760: checking whether gcc accepts -g
configure:3780: gcc -c -g  conftest.c >&5
configure:3780: $? = 0
configure:3821: result: yes
configure:3838: checking for gcc option to accept ISO C89
configure:3901: gcc  -c -g -O2  conftest.c >&5
configure:3901: $? = 0
configure:3914: result: none needed
configure:3939: checking whether gcc understands -c and -o together
configure:3961: gcc -c conftest.c -o conftest2.o
configure:3964: $? = 0
configure:3961: gcc -c conftest.c -o conftest2.o
configure:3964: $? = 0
configure:3976: result: yes
configure:3995: checking dependency style of gcc
configure:4106: result: gcc3
configure:4136: checking for intltool >= 0.35.0
configure:4138: result: 0.50.2 found
configure:4146: checking for intltool-update
configure:4164: found /usr/bin/intltool-update
configure:4176: result: /usr/bin/intltool-update
configure:4186: checking for intltool-merge
configure:4204: found /usr/bin/intltool-merge
configure:4216: result: /usr/bin/intltool-merge
configure:4226: checking for intltool-extract
configure:4244: found /usr/bin/intltool-extract
configure:4256: result: /usr/bin/intltool-extract
configure:4410: checking for xgettext
configure:4428: found /usr/bin/xgettext
configure:4440: result: /usr/bin/xgettext
configure:4450: checking for msgmerge
configure:4468: found /usr/bin/msgmerge
configure:4480: result: /usr/bin/msgmerge
configure:4490: checking for msgfmt
configure:4508: found /usr/bin/msgfmt
configure:4520: result: /usr/bin/msgfmt
configure:4530: checking for gmsgfmt
configure:4561: result: /usr/bin/msgfmt
configure:4581: checking for perl
configure:4599: found /usr/bin/perl
configure:4611: result: /usr/bin/perl
configure:4622: checking for perl >= 5.8.1
configure:4629: result: 5.22.1
configure:4633: checking for XML::Parser
configure:4636: result: ok
configure:4661: gcc -o conftest -g -O2   conftest.c  >&5
configure:4661: $? = 0
configure:4742: checking for pkg-config
configure:4760: found /usr/bin/pkg-config
configure:4772: result: /usr/bin/pkg-config
configure:4797: checking pkg-config is at least version 0.21
configure:4800: result: yes
configure:4858: checking for gcc
configure:4885: result: gcc
configure:5114: checking for C compiler version
configure:5123: gcc --version >&5
gcc (Debian 5.3.1-8) 5.3.1 20160205
Copyright (C) 2015 Free Software Foundation, Inc.
This is free software; see the source for copying conditions.  There is NO
warranty; not even for MERCHANTABILITY or FITNESS FOR A PARTICULAR PURPOSE.

configure:5134: $? = 0
configure:5123: gcc -v >&5
Using built-in specs.
COLLECT_GCC=gcc
COLLECT_LTO_WRAPPER=/usr/lib/gcc/x86_64-linux-gnu/5/lto-wrapper
Target: x86_64-linux-gnu
Configured with: ../src/configure -v --with-pkgversion='Debian 5.3.1-8' --with-bugurl=file:///usr/share/doc/gcc-5/README.Bugs --enable-languages=c,ada,c++,java,go,d,fortran,objc,obj-c++ --prefix=/usr --program-suffix=-5 --enable-shared --enable-linker-build-id --libexecdir=/usr/lib --without-included-gettext --enable-threads=posix --libdir=/usr/lib --enable-nls --with-sysroot=/ --enable-clocale=gnu --enable-libstdcxx-debug --enable-libstdcxx-time=yes --with-default-libstdcxx-abi=new --enable-gnu-unique-object --disable-vtable-verify --enable-libmpx --enable-plugin --with-system-zlib --disable-browser-plugin --enable-java-awt=gtk --enable-gtk-cairo --with-java-home=/usr/lib/jvm/java-1.5.0-gcj-5-amd64/jre --enable-java-home --with-jvm-root-dir=/usr/lib/jvm/java-1.5.0-gcj-5-amd64 --with-jvm-jar-dir=/usr/lib/jvm-exports/java-1.5.0-gcj-5-amd64 --with-arch-directory=amd64 --with-ecj-jar=/usr/share/java/eclipse-ecj.jar --enable-objc-gc --enable-multiarch --with-arch-32=i586 --with-abi=m64 --with-multilib-list=m32,m64,mx32 --enable-multilib --with-tune=generic --enable-checking=release --build=x86_64-linux-gnu --host=x86_64-linux-gnu --target=x86_64-linux-gnu
Thread model: posix
gcc version 5.3.1 20160205 (Debian 5.3.1-8) 
configure:5134: $? = 0
configure:5123: gcc -V >&5
gcc: error: unrecognized command line option '-V'
gcc: fatal error: no input files
compilation terminated.
configure:5134: $? = 1
configure:5123: gcc -qversion >&5
gcc: error: unrecognized command line option '-qversion'
gcc: fatal error: no input files
compilation terminated.
configure:5134: $? = 1
configure:5138: checking whether we are using the GNU C compiler
configure:5166: result: yes
configure:5175: checking whether gcc accepts -g
configure:5236: result: yes
configure:5253: checking for gcc option to accept ISO C89
configure:5329: result: none needed
configure:5354: checking whether gcc understands -c and -o together
configure:5391: result: yes
configure:5410: checking dependency style of gcc
configure:5521: result: gcc3
configure:5566: checking build system type
configure:5580: result: x86_64-pc-linux-gnu
configure:5600: checking host system type
configure:5613: result: x86_64-pc-linux-gnu
configure:5654: checking how to print strings
configure:5681: result: printf
configure:5702: checking for a sed that does not truncate output
configure:5766: result: /bin/sed
configure:5784: checking for grep that handles long lines and -e
configure:5842: result: /bin/grep
configure:5847: checking for egrep
configure:5909: result: /bin/grep -E
configure:5914: checking for fgrep
configure:5976: result: /bin/grep -F
configure:6011: checking for ld used by gcc
configure:6078: result: /usr/bin/ld
configure:6085: checking if the linker (/usr/bin/ld) is GNU ld
configure:6100: result: yes
configure:6112: checking for BSD- or MS-compatible name lister (nm)
configure:6166: result: /usr/bin/nm -B
configure:6296: checking the name lister (/usr/bin/nm -B) interface
configure:6303: gcc -c -g -O2  conftest.c >&5
configure:6306: /usr/bin/nm -B "conftest.o"
configure:6309: output
0000000000000000 B some_variable
configure:6316: result: BSD nm
configure:6319: checking whether ln -s works
configure:6323: result: yes
configure:6331: checking the maximum length of command line arguments
configure:6462: result: 1572864
configure:6510: checking how to convert x86_64-pc-linux-gnu file names to x86_64-pc-linux-gnu format
configure:6550: result: func_convert_file_noop
configure:6557: checking how to convert x86_64-pc-linux-gnu file names to toolchain format
configure:6577: result: func_convert_file_noop
configure:6584: checking for /usr/bin/ld option to reload object files
configure:6591: result: -r
configure:6665: checking for objdump
configure:6681: found /usr/bin/objdump
configure:6692: result: objdump
configure:6724: checking how to recognize dependent libraries
configure:6924: result: pass_all
configure:7009: checking for dlltool
configure:7039: result: no
configure:7069: checking how to associate runtime and link libraries
configure:7096: result: printf %s\n
configure:7156: checking for ar
configure:7172: found /usr/bin/ar
configure:7183: result: ar
configure:7220: checking for archiver @FILE support
configure:7237: gcc -c -g -O2  conftest.c >&5
configure:7237: $? = 0
configure:7240: ar cru libconftest.a @conftest.lst >&5
ar: `u' modifier ignored since `D' is the default (see `U')
configure:7243: $? = 0
configure:7248: ar cru libconftest.a @conftest.lst >&5
ar: `u' modifier ignored since `D' is the default (see `U')
ar: conftest.o: No such file or directory
configure:7251: $? = 1
configure:7263: result: @
configure:7321: checking for strip
configure:7337: found /usr/bin/strip
configure:7348: result: strip
configure:7420: checking for ranlib
configure:7436: found /usr/bin/ranlib
configure:7447: result: ranlib
configure:7549: checking command to parse /usr/bin/nm -B output from gcc object
configure:7702: gcc -c -g -O2  conftest.c >&5
configure:7705: $? = 0
configure:7709: /usr/bin/nm -B conftest.o \| sed -n -e 's/^.*[ ]\([ABCDGIRSTW][ABCDGIRSTW]*\)[ ][ ]*\([_A-Za-z][_A-Za-z0-9]*\)$/\1 \2 \2/p' | sed '/ __gnu_lto/d' \> conftest.nm
configure:7712: $? = 0
configure:7778: gcc -o conftest -g -O2   conftest.c conftstm.o >&5
configure:7781: $? = 0
configure:7819: result: ok
configure:7866: checking for sysroot
configure:7896: result: no
configure:7903: checking for a working dd
configure:7941: result: /bin/dd
configure:7945: checking how to truncate binary pipes
configure:7960: result: /bin/dd bs=4096 count=1
configure:8096: gcc -c -g -O2  conftest.c >&5
configure:8099: $? = 0
configure:8289: checking for mt
configure:8305: found /bin/mt
configure:8316: result: mt
configure:8339: checking if mt is a manifest tool
configure:8345: mt '-?'
configure:8353: result: no
configure:9030: checking how to run the C preprocessor
configure:9061: gcc -E  conftest.c
configure:9061: $? = 0
configure:9075: gcc -E  conftest.c
conftest.c:13:28: fatal error: ac_nonexistent.h: No such file or directory
compilation terminated.
configure:9075: $? = 1
configure: failed program was:
| /* confdefs.h */
| #define PACKAGE_NAME "synapse"
| #define PACKAGE_TARNAME "synapse"
| #define PACKAGE_VERSION "0.2.99.1"
| #define PACKAGE_STRING "synapse 0.2.99.1"
| #define PACKAGE_BUGREPORT ""
| #define PACKAGE_URL ""
| #define RELEASE_NAME "Heider"
| #define PACKAGE "synapse"
| #define VERSION "0.2.99.1"
| #define GETTEXT_PACKAGE "synapse"
| /* end confdefs.h.  */
| #include <ac_nonexistent.h>
configure:9100: result: gcc -E
configure:9120: gcc -E  conftest.c
configure:9120: $? = 0
configure:9134: gcc -E  conftest.c
conftest.c:13:28: fatal error: ac_nonexistent.h: No such file or directory
compilation terminated.
configure:9134: $? = 1
configure: failed program was:
| /* confdefs.h */
| #define PACKAGE_NAME "synapse"
| #define PACKAGE_TARNAME "synapse"
| #define PACKAGE_VERSION "0.2.99.1"
| #define PACKAGE_STRING "synapse 0.2.99.1"
| #define PACKAGE_BUGREPORT ""
| #define PACKAGE_URL ""
| #define RELEASE_NAME "Heider"
| #define PACKAGE "synapse"
| #define VERSION "0.2.99.1"
| #define GETTEXT_PACKAGE "synapse"
| /* end confdefs.h.  */
| #include <ac_nonexistent.h>
configure:9163: checking for ANSI C header files
configure:9183: gcc -c -g -O2  conftest.c >&5
configure:9183: $? = 0
configure:9256: gcc -o conftest -g -O2   conftest.c  >&5
configure:9256: $? = 0
configure:9256: ./conftest
configure:9256: $? = 0
configure:9267: result: yes
configure:9280: checking for sys/types.h
configure:9280: gcc -c -g -O2  conftest.c >&5
configure:9280: $? = 0
configure:9280: result: yes
configure:9280: checking for sys/stat.h
configure:9280: gcc -c -g -O2  conftest.c >&5
configure:9280: $? = 0
configure:9280: result: yes
configure:9280: checking for stdlib.h
configure:9280: gcc -c -g -O2  conftest.c >&5
configure:9280: $? = 0
configure:9280: result: yes
configure:9280: checking for string.h
configure:9280: gcc -c -g -O2  conftest.c >&5
configure:9280: $? = 0
configure:9280: result: yes
configure:9280: checking for memory.h
configure:9280: gcc -c -g -O2  conftest.c >&5
configure:9280: $? = 0
configure:9280: result: yes
configure:9280: checking for strings.h
configure:9280: gcc -c -g -O2  conftest.c >&5
configure:9280: $? = 0
configure:9280: result: yes
configure:9280: checking for inttypes.h
configure:9280: gcc -c -g -O2  conftest.c >&5
configure:9280: $? = 0
configure:9280: result: yes
configure:9280: checking for stdint.h
configure:9280: gcc -c -g -O2  conftest.c >&5
configure:9280: $? = 0
configure:9280: result: yes
configure:9280: checking for unistd.h
configure:9280: gcc -c -g -O2  conftest.c >&5
configure:9280: $? = 0
configure:9280: result: yes
configure:9294: checking for dlfcn.h
configure:9294: gcc -c -g -O2  conftest.c >&5
configure:9294: $? = 0
configure:9294: result: yes
configure:9550: checking for objdir
configure:9565: result: .libs
configure:9829: checking if gcc supports -fno-rtti -fno-exceptions
configure:9847: gcc -c -g -O2  -fno-rtti -fno-exceptions conftest.c >&5
cc1: warning: command line option '-fno-rtti' is valid for C++/ObjC++ but not for C
configure:9851: $? = 0
configure:9864: result: no
configure:10222: checking for gcc option to produce PIC
configure:10229: result: -fPIC -DPIC
configure:10237: checking if gcc PIC flag -fPIC -DPIC works
configure:10255: gcc -c -g -O2  -fPIC -DPIC -DPIC conftest.c >&5
configure:10259: $? = 0
configure:10272: result: yes
configure:10301: checking if gcc static flag -static works
configure:10329: result: yes
configure:10344: checking if gcc supports -c -o file.o
configure:10365: gcc -c -g -O2  -o out/conftest2.o conftest.c >&5
configure:10369: $? = 0
configure:10391: result: yes
configure:10399: checking if gcc supports -c -o file.o
configure:10446: result: yes
configure:10479: checking whether the gcc linker (/usr/bin/ld -m elf_x86_64) supports shared libraries
configure:11742: result: yes
configure:11779: checking whether -lc should be explicitly linked in
configure:11787: gcc -c -g -O2  conftest.c >&5
configure:11790: $? = 0
configure:11805: gcc -shared  -fPIC -DPIC conftest.o  -v -Wl,-soname -Wl,conftest -o conftest 2\>\&1 \| /bin/grep  -lc  \>/dev/null 2\>\&1
configure:11808: $? = 0
configure:11822: result: no
configure:11982: checking dynamic linker characteristics
configure:12563: gcc -o conftest -g -O2   -Wl,-rpath -Wl,/foo conftest.c  >&5
configure:12563: $? = 0
configure:12812: result: GNU/Linux ld.so
configure:12934: checking how to hardcode library paths into programs
configure:12959: result: immediate
configure:13507: checking whether stripping libraries is possible
configure:13512: result: yes
configure:13547: checking if libtool supports shared libraries
configure:13549: result: yes
configure:13552: checking whether to build shared libraries
configure:13577: result: yes
configure:13580: checking whether to build static libraries
configure:13584: result: yes
configure:13710: checking for cos in -lm
configure:13735: gcc -o conftest -g -O2   conftest.c -lm   >&5
conftest.c:32:6: warning: conflicting types for built-in function 'cos'
 char cos ();
      ^
configure:13735: $? = 0
configure:13744: result: yes
configure:13757: checking for valac
configure:13775: found /usr/bin/valac
configure:13788: result: /usr/bin/valac
configure:13797: checking whether /usr/bin/valac is at least version 0.16.0
configure:13805: result: yes
configure:13841: checking whether make supports nested variables
configure:13858: result: yes
configure:13878: checking for SYNAPSE_MODULES
configure:13897: $PKG_CONFIG --exists --print-errors "\
  glib-2.0 >= $MIN_GLIB_VERSION \
  gdk-x11-3.0 >= $MIN_GTK_VERSION \
  gtk+-3.0 >= $MIN_GTK_VERSION \
  gio-2.0 >= $MIN_GLIB_VERSION \
  gio-unix-2.0 \
  gobject-2.0 \
  gthread-2.0 \
  gee-0.8 >= $MIN_GEE_VERSION \
  json-glib-1.0 >= $MIN_JSON_VERSION \
  keybinder-3.0 \
  libnotify
  "
configure:13912: $? = 0
configure:13950: $PKG_CONFIG --exists --print-errors "\
  glib-2.0 >= $MIN_GLIB_VERSION \
  gdk-x11-3.0 >= $MIN_GTK_VERSION \
  gtk+-3.0 >= $MIN_GTK_VERSION \
  gio-2.0 >= $MIN_GLIB_VERSION \
  gio-unix-2.0 \
  gobject-2.0 \
  gthread-2.0 \
  gee-0.8 >= $MIN_GEE_VERSION \
  json-glib-1.0 >= $MIN_JSON_VERSION \
  keybinder-3.0 \
  libnotify
  "
configure:13965: $? = 0
configure:14071: result: yes
configure:14115: $PKG_CONFIG --exists --print-errors "zeitgeist-2.0 >= $MIN_ZEITGEIST_VERSION"
configure:14118: $? = 0
configure:14126: checking for ZEITGEIST
configure:14133: $PKG_CONFIG --exists --print-errors "zeitgeist-2.0 >= $MIN_ZEITGEIST_VERSION"
configure:14136: $? = 0
configure:14150: $PKG_CONFIG --exists --print-errors "zeitgeist-2.0 >= $MIN_ZEITGEIST_VERSION"
configure:14153: $? = 0
configure:14211: result: yes
configure:14232: $PKG_CONFIG --exists --print-errors "appindicator3-0.1"
configure:14235: $? = 0
configure:14245: $PKG_CONFIG --exists --print-errors "appindicator3-0.1"
configure:14248: $? = 0
configure:14256: checking for APP_INDICATOR
configure:14263: $PKG_CONFIG --exists --print-errors "appindicator3-0.1"
configure:14266: $? = 0
configure:14280: $PKG_CONFIG --exists --print-errors "appindicator3-0.1"
configure:14283: $? = 0
configure:14341: result: yes
configure:14362: $PKG_CONFIG --exists --print-errors "rest-0.7"
Package rest-0.7 was not found in the pkg-config search path.
Perhaps you should add the directory containing `rest-0.7.pc'
to the PKG_CONFIG_PATH environment variable
No package 'rest-0.7' found
configure:14365: $? = 1
configure:14602: checking that generated files are newer than configure
configure:14608: result: done
configure:14655: creating ./config.status

## ---------------------- ##
## Running config.status. ##
## ---------------------- ##

This file was extended by synapse config.status 0.2.99.1, which was
generated by GNU Autoconf 2.69.  Invocation command line was

  CONFIG_FILES    = 
  CONFIG_HEADERS  = 
  CONFIG_LINKS    = 
  CONFIG_COMMANDS = 
  $ ./config.status 

on combine

config.status:1190: creating Makefile
config.status:1190: creating data/Makefile
config.status:1190: creating src/Makefile
config.status:1190: creating src/core/Makefile
config.status:1190: creating src/plugins/Makefile
config.status:1190: creating src/ui/Makefile
config.status:1190: creating po/Makefile.in
config.status:1190: creating vapi/Makefile
config.status:1190: creating config.h
config.status:1371: config.h is unchanged
config.status:1419: executing depfiles commands
config.status:1419: executing libtool commands
config.status:1419: executing po/stamp-it commands

## ---------------- ##
## Cache variables. ##
## ---------------- ##

ac_cv_build=x86_64-pc-linux-gnu
ac_cv_c_compiler_gnu=yes
ac_cv_env_APP_INDICATOR_CFLAGS_set=
ac_cv_env_APP_INDICATOR_CFLAGS_value=
ac_cv_env_APP_INDICATOR_LIBS_set=
ac_cv_env_APP_INDICATOR_LIBS_value=
ac_cv_env_CC_set=
ac_cv_env_CC_value=
ac_cv_env_CFLAGS_set=
ac_cv_env_CFLAGS_value=
ac_cv_env_CPPFLAGS_set=
ac_cv_env_CPPFLAGS_value=
ac_cv_env_CPP_set=
ac_cv_env_CPP_value=
ac_cv_env_LDFLAGS_set=
ac_cv_env_LDFLAGS_value=
ac_cv_env_LIBS_set=
ac_cv_env_LIBS_value=
ac_cv_env_LT_SYS_LIBRARY_PATH_set=
ac_cv_env_LT_SYS_LIBRARY_PATH_value=
ac_cv_env_PKG_CONFIG_LIBDIR_set=
ac_cv_env_PKG_CONFIG_LIBDIR_value=
ac_cv_env_PKG_CONFIG_PATH_set=
ac_cv_env_PKG_CONFIG_PATH_value=
ac_cv_env_PKG_CONFIG_set=
ac_cv_env_PKG_CONFIG_value=
ac_cv_env_REST_CFLAGS_set=
ac_cv_env_REST_CFLAGS_value=
ac_cv_env_REST_LIBS_set=
ac_cv_env_REST_LIBS_value=
ac_cv_env_SYNAPSE_MODULES_CFLAGS_set=
ac_cv_env_SYNAPSE_MODULES_CFLAGS_value=
ac_cv_env_SYNAPSE_MODULES_LIBS_set=
ac_cv_env_SYNAPSE_MODULES_LIBS_value=
ac_cv_env_ZEITGEIST_CFLAGS_set=
ac_cv_env_ZEITGEIST_CFLAGS_value=
ac_cv_env_ZEITGEIST_LIBS_set=
ac_cv_env_ZEITGEIST_LIBS_value=
ac_cv_env_build_alias_set=
ac_cv_env_build_alias_value=
ac_cv_env_host_alias_set=
ac_cv_env_host_alias_value=
ac_cv_env_target_alias_set=
ac_cv_env_target_alias_value=
ac_cv_header_dlfcn_h=yes
ac_cv_header_inttypes_h=yes
ac_cv_header_memory_h=yes
ac_cv_header_stdc=yes
ac_cv_header_stdint_h=yes
ac_cv_header_stdlib_h=yes
ac_cv_header_string_h=yes
ac_cv_header_strings_h=yes
ac_cv_header_sys_stat_h=yes
ac_cv_header_sys_types_h=yes
ac_cv_header_unistd_h=yes
ac_cv_host=x86_64-pc-linux-gnu
ac_cv_lib_m_cos=yes
ac_cv_objext=o
ac_cv_path_EGREP='/bin/grep -E'
ac_cv_path_FGREP='/bin/grep -F'
ac_cv_path_GMSGFMT=/usr/bin/msgfmt
ac_cv_path_GREP=/bin/grep
ac_cv_path_INTLTOOL_EXTRACT=/usr/bin/intltool-extract
ac_cv_path_INTLTOOL_MERGE=/usr/bin/intltool-merge
ac_cv_path_INTLTOOL_PERL=/usr/bin/perl
ac_cv_path_INTLTOOL_UPDATE=/usr/bin/intltool-update
ac_cv_path_MSGFMT=/usr/bin/msgfmt
ac_cv_path_MSGMERGE=/usr/bin/msgmerge
ac_cv_path_SED=/bin/sed
ac_cv_path_VALAC=/usr/bin/valac
ac_cv_path_XGETTEXT=/usr/bin/xgettext
ac_cv_path_ac_pt_PKG_CONFIG=/usr/bin/pkg-config
ac_cv_path_install='/usr/bin/install -c'
ac_cv_path_lt_DD=/bin/dd
ac_cv_path_mkdir=/bin/mkdir
ac_cv_prog_AWK=mawk
ac_cv_prog_CPP='gcc -E'
ac_cv_prog_ac_ct_AR=ar
ac_cv_prog_ac_ct_CC=gcc
ac_cv_prog_ac_ct_MANIFEST_TOOL=mt
ac_cv_prog_ac_ct_OBJDUMP=objdump
ac_cv_prog_ac_ct_RANLIB=ranlib
ac_cv_prog_ac_ct_STRIP=strip
ac_cv_prog_cc_c89=
ac_cv_prog_cc_g=yes
ac_cv_prog_make_make_set=yes
am_cv_CC_dependencies_compiler_type=gcc3
am_cv_make_support_nested_variables=yes
am_cv_prog_cc_c_o=yes
am_cv_prog_tar_ustar=gnutar
lt_cv_ar_at_file=@
lt_cv_archive_cmds_need_lc=no
lt_cv_deplibs_check_method=pass_all
lt_cv_file_magic_cmd='$MAGIC_CMD'
lt_cv_file_magic_test_file=
lt_cv_ld_reload_flag=-r
lt_cv_nm_interface='BSD nm'
lt_cv_objdir=.libs
lt_cv_path_LD=/usr/bin/ld
lt_cv_path_NM='/usr/bin/nm -B'
lt_cv_path_mainfest_tool=no
lt_cv_prog_compiler_c_o=yes
lt_cv_prog_compiler_pic='-fPIC -DPIC'
lt_cv_prog_compiler_pic_works=yes
lt_cv_prog_compiler_rtti_exceptions=no
lt_cv_prog_compiler_static_works=yes
lt_cv_prog_gnu_ld=yes
lt_cv_sharedlib_from_linklib_cmd='printf %s\n'
lt_cv_shlibpath_overrides_runpath=no
lt_cv_sys_global_symbol_pipe='sed -n -e '\''s/^.*[	 ]\([ABCDGIRSTW][ABCDGIRSTW]*\)[	 ][	 ]*\([_A-Za-z][_A-Za-z0-9]*\)$/\1 \2 \2/p'\'' | sed '\''/ __gnu_lto/d'\'''
lt_cv_sys_global_symbol_to_c_name_address='sed -n -e '\''s/^: \(.*\) .*$/  {"\1", (void *) 0},/p'\'' -e '\''s/^[ABCDGIRSTW][ABCDGIRSTW]* .* \(.*\)$/  {"\1", (void *) \&\1},/p'\'''
lt_cv_sys_global_symbol_to_c_name_address_lib_prefix='sed -n -e '\''s/^: \(.*\) .*$/  {"\1", (void *) 0},/p'\'' -e '\''s/^[ABCDGIRSTW][ABCDGIRSTW]* .* \(lib.*\)$/  {"\1", (void *) \&\1},/p'\'' -e '\''s/^[ABCDGIRSTW][ABCDGIRSTW]* .* \(.*\)$/  {"lib\1", (void *) \&\1},/p'\'''
lt_cv_sys_global_symbol_to_cdecl='sed -n -e '\''s/^T .* \(.*\)$/extern int \1();/p'\'' -e '\''s/^[ABCDGIRSTW][ABCDGIRSTW]* .* \(.*\)$/extern char \1;/p'\'''
lt_cv_sys_global_symbol_to_import=
lt_cv_sys_max_cmd_len=1572864
lt_cv_to_host_file_cmd=func_convert_file_noop
lt_cv_to_tool_file_cmd=func_convert_file_noop
lt_cv_truncate_bin='/bin/dd bs=4096 count=1'
pkg_cv_APP_INDICATOR_CFLAGS='-pthread -I/usr/include/libdbusmenu-glib-0.4 -I/usr/include/gtk-3.0 -I/usr/include/at-spi2-atk/2.0 -I/usr/include/at-spi-2.0 -I/usr/include/dbus-1.0 -I/usr/lib/x86_64-linux-gnu/dbus-1.0/include -I/usr/include/gtk-3.0 -I/usr/include/gio-unix-2.0/ -I/usr/include/cairo -I/usr/include/pango-1.0 -I/usr/include/harfbuzz -I/usr/include/pango-1.0 -I/usr/include/atk-1.0 -I/usr/include/cairo -I/usr/include/pixman-1 -I/usr/include/freetype2 -I/usr/include/libpng12 -I/usr/include/gdk-pixbuf-2.0 -I/usr/include/libpng12 -I/usr/include/glib-2.0 -I/usr/lib/x86_64-linux-gnu/glib-2.0/include -I/usr/include/libappindicator3-0.1'
pkg_cv_APP_INDICATOR_LIBS='-lappindicator3 -ldbusmenu-glib -lgtk-3 -lgdk-3 -lpangocairo-1.0 -lpango-1.0 -latk-1.0 -lcairo-gobject -lcairo -lgdk_pixbuf-2.0 -lgio-2.0 -lgobject-2.0 -lglib-2.0'
pkg_cv_SYNAPSE_MODULES_CFLAGS='-pthread -I/usr/include/gtk-3.0 -I/usr/include/gee-0.8 -I/usr/include/json-glib-1.0 -I/usr/include/keybinder-3.0 -I/usr/include/gtk-3.0 -I/usr/include/at-spi2-atk/2.0 -I/usr/include/at-spi-2.0 -I/usr/include/dbus-1.0 -I/usr/lib/x86_64-linux-gnu/dbus-1.0/include -I/usr/include/gtk-3.0 -I/usr/include/gio-unix-2.0/ -I/usr/include/cairo -I/usr/include/pango-1.0 -I/usr/include/harfbuzz -I/usr/include/pango-1.0 -I/usr/include/atk-1.0 -I/usr/include/cairo -I/usr/include/pixman-1 -I/usr/include/freetype2 -I/usr/include/libpng12 -I/usr/include/gdk-pixbuf-2.0 -I/usr/include/libpng12 -I/usr/include/glib-2.0 -I/usr/lib/x86_64-linux-gnu/glib-2.0/include'
pkg_cv_SYNAPSE_MODULES_LIBS='-lgdk-3 -lgio-2.0 -lgthread-2.0 -pthread -lgee-0.8 -ljson-glib-1.0 -lkeybinder-3.0 -lgtk-3 -lgdk-3 -lpangocairo-1.0 -lpango-1.0 -latk-1.0 -lcairo-gobject -lcairo -lnotify -lgdk_pixbuf-2.0 -lgio-2.0 -lgobject-2.0 -lglib-2.0'
pkg_cv_ZEITGEIST_CFLAGS='-pthread -I/usr/include/zeitgeist-2.0 -I/usr/include/glib-2.0 -I/usr/lib/x86_64-linux-gnu/glib-2.0/include'
pkg_cv_ZEITGEIST_LIBS='-lzeitgeist-2.0 -lgio-2.0 -lgobject-2.0 -lglib-2.0'

## ----------------- ##
## Output variables. ##
## ----------------- ##

ACLOCAL='${SHELL} /home/heider/github/synapse/build-aux/missing aclocal-1.15'
ALL_LINGUAS=''
AMDEPBACKSLASH='\'
AMDEP_FALSE='#'
AMDEP_TRUE=''
AMTAR='$${TAR-tar}'
AM_BACKSLASH='\'
AM_DEFAULT_V='$(AM_DEFAULT_VERBOSITY)'
AM_DEFAULT_VERBOSITY='0'
AM_V='$(V)'
APP_INDICATOR_CFLAGS='-pthread -I/usr/include/libdbusmenu-glib-0.4 -I/usr/include/gtk-3.0 -I/usr/include/at-spi2-atk/2.0 -I/usr/include/at-spi-2.0 -I/usr/include/dbus-1.0 -I/usr/lib/x86_64-linux-gnu/dbus-1.0/include -I/usr/include/gtk-3.0 -I/usr/include/gio-unix-2.0/ -I/usr/include/cairo -I/usr/include/pango-1.0 -I/usr/include/harfbuzz -I/usr/include/pango-1.0 -I/usr/include/atk-1.0 -I/usr/include/cairo -I/usr/include/pixman-1 -I/usr/include/freetype2 -I/usr/include/libpng12 -I/usr/include/gdk-pixbuf-2.0 -I/usr/include/libpng12 -I/usr/include/glib-2.0 -I/usr/lib/x86_64-linux-gnu/glib-2.0/include -I/usr/include/libappindicator3-0.1'
APP_INDICATOR_LIBS='-lappindicator3 -ldbusmenu-glib -lgtk-3 -lgdk-3 -lpangocairo-1.0 -lpango-1.0 -latk-1.0 -lcairo-gobject -lcairo -lgdk_pixbuf-2.0 -lgio-2.0 -lgobject-2.0 -lglib-2.0'
APP_INDICATOR_VALAFLAGS=' --pkg appindicator3-0.1 -D HAVE_INDICATOR'
AR='ar'
AUTOCONF='${SHELL} /home/heider/github/synapse/build-aux/missing autoconf'
AUTOHEADER='${SHELL} /home/heider/github/synapse/build-aux/missing autoheader'
AUTOMAKE='${SHELL} /home/heider/github/synapse/build-aux/missing automake-1.15'
AWK='mawk'
CC='gcc'
CCDEPMODE='depmode=gcc3'
CFLAGS='-g -O2'
CPP='gcc -E'
CPPFLAGS=''
CYGPATH_W='echo'
DATADIRNAME='share'
DEFS='-DHAVE_CONFIG_H'
DEPDIR='.deps'
DLLTOOL='false'
DSYMUTIL=''
DUMPBIN=''
ECHO_C=''
ECHO_N='-n'
ECHO_T=''
EGREP='/bin/grep -E'
EXEEXT=''
FGREP='/bin/grep -F'
GETTEXT_PACKAGE='synapse'
GMSGFMT='/usr/bin/msgfmt'
GREP='/bin/grep'
HAVE_INDICATOR_FALSE='#'
HAVE_INDICATOR_TRUE=''
HAVE_LIBREST_FALSE=''
HAVE_LIBREST_TRUE='#'
HAVE_ZEITGEIST_FALSE='#'
HAVE_ZEITGEIST_TRUE=''
INSTALL_DATA='${INSTALL} -m 644'
INSTALL_PROGRAM='${INSTALL}'
INSTALL_SCRIPT='${INSTALL}'
INSTALL_STRIP_PROGRAM='$(install_sh) -c -s'
INTLTOOL_CAVES_RULE='%.caves:     %.caves.in     $(INTLTOOL_MERGE) $(wildcard $(top_srcdir)/po/*.po) ; $(INTLTOOL_V_MERGE)LC_ALL=C $(INTLTOOL_MERGE) $(INTLTOOL_V_MERGE_OPTIONS) -d -u -c $(top_builddir)/po/.intltool-merge-cache $(top_srcdir)/po $< $@'
INTLTOOL_DESKTOP_RULE='%.desktop:   %.desktop.in   $(INTLTOOL_MERGE) $(wildcard $(top_srcdir)/po/*.po) ; $(INTLTOOL_V_MERGE)LC_ALL=C $(INTLTOOL_MERGE) $(INTLTOOL_V_MERGE_OPTIONS) -d -u -c $(top_builddir)/po/.intltool-merge-cache $(top_srcdir)/po $< $@'
INTLTOOL_DIRECTORY_RULE='%.directory: %.directory.in $(INTLTOOL_MERGE) $(wildcard $(top_srcdir)/po/*.po) ; $(INTLTOOL_V_MERGE)LC_ALL=C $(INTLTOOL_MERGE) $(INTLTOOL_V_MERGE_OPTIONS) -d -u -c $(top_builddir)/po/.intltool-merge-cache $(top_srcdir)/po $< $@'
INTLTOOL_EXTRACT='/usr/bin/intltool-extract'
INTLTOOL_KBD_RULE='%.kbd:       %.kbd.in       $(INTLTOOL_MERGE) $(wildcard $(top_srcdir)/po/*.po) ; $(INTLTOOL_V_MERGE)LC_ALL=C $(INTLTOOL_MERGE) $(INTLTOOL_V_MERGE_OPTIONS) -x -u -m -c $(top_builddir)/po/.intltool-merge-cache $(top_srcdir)/po $< $@'
INTLTOOL_KEYS_RULE='%.keys:      %.keys.in      $(INTLTOOL_MERGE) $(wildcard $(top_srcdir)/po/*.po) ; $(INTLTOOL_V_MERGE)LC_ALL=C $(INTLTOOL_MERGE) $(INTLTOOL_V_MERGE_OPTIONS) -k -u -c $(top_builddir)/po/.intltool-merge-cache $(top_srcdir)/po $< $@'
INTLTOOL_MERGE='/usr/bin/intltool-merge'
INTLTOOL_OAF_RULE='%.oaf:       %.oaf.in       $(INTLTOOL_MERGE) $(wildcard $(top_srcdir)/po/*.po) ; $(INTLTOOL_V_MERGE)LC_ALL=C $(INTLTOOL_MERGE) $(INTLTOOL_V_MERGE_OPTIONS) -o -p $(top_srcdir)/po $< $@'
INTLTOOL_PERL='/usr/bin/perl'
INTLTOOL_POLICY_RULE='%.policy:    %.policy.in    $(INTLTOOL_MERGE) $(wildcard $(top_srcdir)/po/*.po) ; $(INTLTOOL_V_MERGE)LC_ALL=C $(INTLTOOL_MERGE) $(INTLTOOL_V_MERGE_OPTIONS) -x -u -c $(top_builddir)/po/.intltool-merge-cache $(top_srcdir)/po $< $@'
INTLTOOL_PONG_RULE='%.pong:      %.pong.in      $(INTLTOOL_MERGE) $(wildcard $(top_srcdir)/po/*.po) ; $(INTLTOOL_V_MERGE)LC_ALL=C $(INTLTOOL_MERGE) $(INTLTOOL_V_MERGE_OPTIONS) -x -u -c $(top_builddir)/po/.intltool-merge-cache $(top_srcdir)/po $< $@'
INTLTOOL_PROP_RULE='%.prop:      %.prop.in      $(INTLTOOL_MERGE) $(wildcard $(top_srcdir)/po/*.po) ; $(INTLTOOL_V_MERGE)LC_ALL=C $(INTLTOOL_MERGE) $(INTLTOOL_V_MERGE_OPTIONS) -d -u -c $(top_builddir)/po/.intltool-merge-cache $(top_srcdir)/po $< $@'
INTLTOOL_SCHEMAS_RULE='%.schemas:   %.schemas.in   $(INTLTOOL_MERGE) $(wildcard $(top_srcdir)/po/*.po) ; $(INTLTOOL_V_MERGE)LC_ALL=C $(INTLTOOL_MERGE) $(INTLTOOL_V_MERGE_OPTIONS) -s -u -c $(top_builddir)/po/.intltool-merge-cache $(top_srcdir)/po $< $@'
INTLTOOL_SERVER_RULE='%.server:    %.server.in    $(INTLTOOL_MERGE) $(wildcard $(top_srcdir)/po/*.po) ; $(INTLTOOL_V_MERGE)LC_ALL=C $(INTLTOOL_MERGE) $(INTLTOOL_V_MERGE_OPTIONS) -o -u -c $(top_builddir)/po/.intltool-merge-cache $(top_srcdir)/po $< $@'
INTLTOOL_SERVICE_RULE='%.service: %.service.in   $(INTLTOOL_MERGE) $(wildcard $(top_srcdir)/po/*.po) ; $(INTLTOOL_V_MERGE)LC_ALL=C $(INTLTOOL_MERGE) $(INTLTOOL_V_MERGE_OPTIONS) -d -u -c $(top_builddir)/po/.intltool-merge-cache $(top_srcdir)/po $< $@'
INTLTOOL_SHEET_RULE='%.sheet:     %.sheet.in     $(INTLTOOL_MERGE) $(wildcard $(top_srcdir)/po/*.po) ; $(INTLTOOL_V_MERGE)LC_ALL=C $(INTLTOOL_MERGE) $(INTLTOOL_V_MERGE_OPTIONS) -x -u -c $(top_builddir)/po/.intltool-merge-cache $(top_srcdir)/po $< $@'
INTLTOOL_SOUNDLIST_RULE='%.soundlist: %.soundlist.in $(INTLTOOL_MERGE) $(wildcard $(top_srcdir)/po/*.po) ; $(INTLTOOL_V_MERGE)LC_ALL=C $(INTLTOOL_MERGE) $(INTLTOOL_V_MERGE_OPTIONS) -d -u -c $(top_builddir)/po/.intltool-merge-cache $(top_srcdir)/po $< $@'
INTLTOOL_THEME_RULE='%.theme:     %.theme.in     $(INTLTOOL_MERGE) $(wildcard $(top_srcdir)/po/*.po) ; $(INTLTOOL_V_MERGE)LC_ALL=C $(INTLTOOL_MERGE) $(INTLTOOL_V_MERGE_OPTIONS) -d -u -c $(top_builddir)/po/.intltool-merge-cache $(top_srcdir)/po $< $@'
INTLTOOL_UI_RULE='%.ui:        %.ui.in        $(INTLTOOL_MERGE) $(wildcard $(top_srcdir)/po/*.po) ; $(INTLTOOL_V_MERGE)LC_ALL=C $(INTLTOOL_MERGE) $(INTLTOOL_V_MERGE_OPTIONS) -x -u -c $(top_builddir)/po/.intltool-merge-cache $(top_srcdir)/po $< $@'
INTLTOOL_UPDATE='/usr/bin/intltool-update'
INTLTOOL_V_MERGE='$(INTLTOOL__v_MERGE_$(V))'
INTLTOOL_V_MERGE_OPTIONS='$(intltool__v_merge_options_$(V))'
INTLTOOL_XAM_RULE='%.xam:       %.xml.in       $(INTLTOOL_MERGE) $(wildcard $(top_srcdir)/po/*.po) ; $(INTLTOOL_V_MERGE)LC_ALL=C $(INTLTOOL_MERGE) $(INTLTOOL_V_MERGE_OPTIONS) -x -u -c $(top_builddir)/po/.intltool-merge-cache $(top_srcdir)/po $< $@'
INTLTOOL_XML_NOMERGE_RULE='%.xml:       %.xml.in       $(INTLTOOL_MERGE) ; $(INTLTOOL_V_MERGE)LC_ALL=C $(INTLTOOL_MERGE) $(INTLTOOL_V_MERGE_OPTIONS) -x -u --no-translations $< $@'
INTLTOOL_XML_RULE='%.xml:       %.xml.in       $(INTLTOOL_MERGE) $(wildcard $(top_srcdir)/po/*.po) ; $(INTLTOOL_V_MERGE)LC_ALL=C $(INTLTOOL_MERGE) $(INTLTOOL_V_MERGE_OPTIONS) -x -u -c $(top_builddir)/po/.intltool-merge-cache $(top_srcdir)/po $< $@'
INTLTOOL__v_MERGE_0='@echo "  ITMRG " $@;'
INTLTOOL__v_MERGE_='$(INTLTOOL__v_MERGE_$(AM_DEFAULT_VERBOSITY))'
LD='/usr/bin/ld -m elf_x86_64'
LDFLAGS=''
LIBM='-lm'
LIBOBJS=''
LIBS=''
LIBTOOL='$(SHELL) $(top_builddir)/libtool'
LIPO=''
LN_S='ln -s'
LTLIBOBJS=''
LT_SYS_LIBRARY_PATH=''
MAINT=''
MAINTAINER_MODE_FALSE='#'
MAINTAINER_MODE_TRUE=''
MAKEINFO='${SHELL} /home/heider/github/synapse/build-aux/missing makeinfo'
MANIFEST_TOOL=':'
MKDIR_P='/bin/mkdir -p'
MSGFMT='/usr/bin/msgfmt'
MSGMERGE='/usr/bin/msgmerge'
NM='/usr/bin/nm -B'
NMEDIT=''
OBJDUMP='objdump'
OBJEXT='o'
OTOOL64=''
OTOOL=''
PACKAGE='synapse'
PACKAGE_BUGREPORT=''
PACKAGE_NAME='synapse'
PACKAGE_STRING='synapse 0.2.99.1'
PACKAGE_TARNAME='synapse'
PACKAGE_URL=''
PACKAGE_VERSION='0.2.99.1'
PATH_SEPARATOR=':'
PKG_CONFIG='/usr/bin/pkg-config'
PKG_CONFIG_LIBDIR=''
PKG_CONFIG_PATH=''
RANLIB='ranlib'
REST_CFLAGS=''
REST_LIBS=''
REST_VALAFLAGS=''
SED='/bin/sed'
SET_MAKE=''
SHELL='/bin/bash'
STRIP='strip'
SYNAPSE_COMMON_VALAFLAGS=' --target-glib=2.28 --thread -g'
SYNAPSE_MODULES_CFLAGS='-pthread -I/usr/include/gtk-3.0 -I/usr/include/gee-0.8 -I/usr/include/json-glib-1.0 -I/usr/include/keybinder-3.0 -I/usr/include/gtk-3.0 -I/usr/include/at-spi2-atk/2.0 -I/usr/include/at-spi-2.0 -I/usr/include/dbus-1.0 -I/usr/lib/x86_64-linux-gnu/dbus-1.0/include -I/usr/include/gtk-3.0 -I/usr/include/gio-unix-2.0/ -I/usr/include/cairo -I/usr/include/pango-1.0 -I/usr/include/harfbuzz -I/usr/include/pango-1.0 -I/usr/include/atk-1.0 -I/usr/include/cairo -I/usr/include/pixman-1 -I/usr/include/freetype2 -I/usr/include/libpng12 -I/usr/include/gdk-pixbuf-2.0 -I/usr/include/libpng12 -I/usr/include/glib-2.0 -I/usr/lib/x86_64-linux-gnu/glib-2.0/include'
SYNAPSE_MODULES_LIBS='-lgdk-3 -lgio-2.0 -lgthread-2.0 -pthread -lgee-0.8 -ljson-glib-1.0 -lkeybinder-3.0 -lgtk-3 -lgdk-3 -lpangocairo-1.0 -lpango-1.0 -latk-1.0 -lcairo-gobject -lcairo -lnotify -lgdk_pixbuf-2.0 -lgio-2.0 -lgobject-2.0 -lglib-2.0'
SYNAPSE_MODULES_VALAFLAGS=' --pkg gdk-x11-3.0   --pkg gtk+-3.0   --pkg gio-2.0   --pkg gio-unix-2.0   --pkg gee-0.8   --pkg json-glib-1.0   --pkg keybinder-3.0   --pkg libnotify'
USE_NLS='yes'
VALAC='/usr/bin/valac'
VERSION='0.2.99.1'
XGETTEXT='/usr/bin/xgettext'
ZEITGEIST_CFLAGS='-pthread -I/usr/include/zeitgeist-2.0 -I/usr/include/glib-2.0 -I/usr/lib/x86_64-linux-gnu/glib-2.0/include'
ZEITGEIST_LIBS='-lzeitgeist-2.0 -lgio-2.0 -lgobject-2.0 -lglib-2.0'
ZEITGEIST_VALAFLAGS=' --pkg zeitgeist-2.0 -D HAVE_ZEITGEIST'
ac_ct_AR='ar'
ac_ct_CC='gcc'
ac_ct_DUMPBIN=''
am__EXEEXT_FALSE=''
am__EXEEXT_TRUE='#'
am__fastdepCC_FALSE='#'
am__fastdepCC_TRUE=''
am__include='include'
am__isrc=''
am__leading_dot='.'
am__nodep='_no'
am__quote=''
am__tar='tar --format=ustar -chf - "$$tardir"'
am__untar='tar -xf -'
bindir='${exec_prefix}/bin'
build='x86_64-pc-linux-gnu'
build_alias=''
build_cpu='x86_64'
build_os='linux-gnu'
build_vendor='pc'
datadir='${datarootdir}'
datarootdir='${prefix}/share'
docdir='${datarootdir}/doc/${PACKAGE_TARNAME}'
dvidir='${docdir}'
exec_prefix='${prefix}'
host='x86_64-pc-linux-gnu'
host_alias=''
host_cpu='x86_64'
host_os='linux-gnu'
host_vendor='pc'
htmldir='${docdir}'
includedir='${prefix}/include'
infodir='${datarootdir}/info'
install_sh='${SHELL} /home/heider/github/synapse/build-aux/install-sh'
intltool__v_merge_options_0='-q'
intltool__v_merge_options_='$(intltool__v_merge_options_$(AM_DEFAULT_VERBOSITY))'
libdir='${exec_prefix}/lib'
libexecdir='${exec_prefix}/libexec'
localedir='${datarootdir}/locale'
localstatedir='${prefix}/var'
mandir='${datarootdir}/man'
mkdir_p='$(MKDIR_P)'
oldincludedir='/usr/include'
pdfdir='${docdir}'
prefix='/usr/local'
program_transform_name='s,x,x,'
psdir='${docdir}'
runstatedir='${localstatedir}/run'
sbindir='${exec_prefix}/sbin'
sharedstatedir='${prefix}/com'
sysconfdir='${prefix}/etc'
target_alias=''

## ----------- ##
## confdefs.h. ##
## ----------- ##

/* confdefs.h */
#define PACKAGE_NAME "synapse"
#define PACKAGE_TARNAME "synapse"
#define PACKAGE_VERSION "0.2.99.1"
#define PACKAGE_STRING "synapse 0.2.99.1"
#define PACKAGE_BUGREPORT ""
#define PACKAGE_URL ""
#define RELEASE_NAME "Heider"
#define PACKAGE "synapse"
#define VERSION "0.2.99.1"
#define GETTEXT_PACKAGE "synapse"
#define STDC_HEADERS 1
#define HAVE_SYS_TYPES_H 1
#define HAVE_SYS_STAT_H 1
#define HAVE_STDLIB_H 1
#define HAVE_STRING_H 1
#define HAVE_MEMORY_H 1
#define HAVE_STRINGS_H 1
#define HAVE_INTTYPES_H 1
#define HAVE_STDINT_H 1
#define HAVE_UNISTD_H 1
#define HAVE_DLFCN_H 1
#define LT_OBJDIR ".libs/"
#define HAVE_ZEITGEIST 1
#define HAVE_INDICATOR 1

configure: exit 0
